#
# There is insufficient memory for the Java Runtime Environment to continue.
# Native memory allocation (mmap) failed to map 134217728 bytes for G1 virtual space
# Possible reasons:
#   The system is out of physical RAM or swap space
#   The process is running with CompressedOops enabled, and the Java Heap may be blocking the growth of the native heap
# Possible solutions:
#   Reduce memory load on the system
#   Increase physical memory or swap space
#   Check if swap backing store is full
#   Decrease Java heap size (-Xmx/-Xms)
#   Decrease number of Java threads
#   Decrease Java thread stack sizes (-Xss)
#   Set larger code cache with -XX:ReservedCodeCacheSize=
#   JVM is running with Unscaled Compressed Oops mode in which the Java heap is
#     placed in the first 4GB address space. The Java Heap base address is the
#     maximum limit for the native heap growth. Please use -XX:HeapBaseMinAddress
#     to set the Java Heap base and to place the Java Heap above 4GB virtual address.
# This output file may be truncated or incomplete.
#
#  Out of Memory Error (os_windows.cpp:3541), pid=2436, tid=3920
#
# JRE version:  (17.0.4+8) (build )
# Java VM: OpenJDK 64-Bit Server VM (17.0.4+8, mixed mode, sharing, tiered, compressed oops, compressed class ptrs, g1 gc, windows-amd64)
# No core dump will be written. Minidumps are not enabled by default on client versions of Windows
#

---------------  S U M M A R Y ------------

Command Line: -Dfile.encoding=UTF-8 -XX:+ShowCodeDetailsInExceptionMessages FileFolder

Host: Intel(R) Core(TM) i5-5200U CPU @ 2.20GHz, 4 cores, 7G,  Windows 11 , 64 bit Build 22000 (10.0.22000.708)
Time: Sun Sep 18 01:09:46 2022 SE Asia Standard Time elapsed time: 0.036530 seconds (0d 0h 0m 0s)

---------------  T H R E A D  ---------------

Current thread (0x000001f1572eff90):  JavaThread "Unknown thread" [_thread_in_vm, id=3920, stack(0x0000006bf0e00000,0x0000006bf0f00000)]

Stack: [0x0000006bf0e00000,0x0000006bf0f00000]
Native frames: (J=compiled Java code, j=interpreted, Vv=VM code, C=native code)
V  [jvm.dll+0x67733a]
V  [jvm.dll+0x8323c4]
V  [jvm.dll+0x833b6e]
V  [jvm.dll+0x8341d3]
V  [jvm.dll+0x2455e5]
V  [jvm.dll+0x674229]
V  [jvm.dll+0x668ab2]
V  [jvm.dll+0x30458b]
V  [jvm.dll+0x30bad6]
V  [jvm.dll+0x35ba7e]
V  [jvm.dll+0x35bcaf]
V  [jvm.dll+0x2db428]
V  [jvm.dll+0x2dc394]
V  [jvm.dll+0x803ef1]
V  [jvm.dll+0x3698d1]
V  [jvm.dll+0x7e320c]
V  [jvm.dll+0x3ec23f]
V  [jvm.dll+0x3eddc1]
C  [jli.dll+0x5277]
C  [ucrtbase.dll+0x26c0c]
C  [KERNEL32.DLL+0x154e0]
C  [ntdll.dll+0x485b]


---------------  P R O C E S S  ---------------

Threads class SMR info:
_java_thread_list=0x00007ffab1b14e98, length=0, elements={
}

Java Threads: ( => current thread )

Other Threads:
  0x000001f157348860 GCTaskThread "GC Thread#0" [stack: 0x0000006bf0f00000,0x0000006bf1000000] [id=4040]
  0x000001f157359cf0 ConcurrentGCThread "G1 Main Marker" [stack: 0x0000006bf1000000,0x0000006bf1100000] [id=10620]
  0x000001f15735a620 ConcurrentGCThread "G1 Conc#0" [stack: 0x0000006bf1100000,0x0000006bf1200000] [id=11924]

[error occurred during error reporting (printing all threads), id 0xc0000005, EXCEPTION_ACCESS_VIOLATION (0xc0000005) at pc=0x00007ffab12ebeb7]

VM state: not at safepoint (not fully initialized)

VM Mutex/Monitor currently owned by a thread:  ([mutex/lock_event])
[0x000001f1572eb510] Heap_lock - owner thread: 0x000001f1572eff90

Heap address: 0x0000000081600000, size: 2026 MB, Compressed Oops mode: 32-bit

CDS archive(s) mapped at: [0x0000000000000000-0x0000000000000000-0x0000000000000000), size 0, SharedBaseAddress: 0x0000000800000000, ArchiveRelocationMode: 0.
Narrow klass base: 0x0000000000000000, Narrow klass shift: 0, Narrow klass range: 0x0

GC Precious Log:
<Empty>

Heap:
 garbage-first heap   total 0K, used 0K [0x0000000081600000, 0x0000000100000000)
  region size 1024K, 0 young (0K), 0 survivors (0K)

[error occurred during error reporting (printing heap information), id 0xc0000005, EXCEPTION_ACCESS_VIOLATION (0xc0000005) at pc=0x00007ffab16d06b9]

GC Heap History (0 events):
No events

Deoptimization events (0 events):
No events

Classes unloaded (0 events):
No events

Classes redefined (0 events):
No events

Internal exceptions (0 events):
No events

VM Operations (0 events):
No events

Events (1 events):
Event: 0.012 Loaded shared library C:\Users\Admin\.p2\pool\plugins\org.eclipse.justj.openjdk.hotspot.jre.full.win32.x86_64_17.0.4.v20220805-1047\jre\bin\java.dll


Dynamic libraries:
0x00007ff6619b0000 - 0x00007ff6619be000 	C:\Users\Admin\.p2\pool\plugins\org.eclipse.justj.openjdk.hotspot.jre.full.win32.x86_64_17.0.4.v20220805-1047\jre\bin\javaw.exe
0x00007ffb0a440000 - 0x00007ffb0a649000 	C:\Windows\SYSTEM32\ntdll.dll
0x00007ffb087b0000 - 0x00007ffb0886d000 	C:\Windows\System32\KERNEL32.DLL
0x00007ffb07c80000 - 0x00007ffb07ffd000 	C:\Windows\System32\KERNELBASE.dll
0x00007ffb079f0000 - 0x00007ffb07b01000 	C:\Windows\System32\ucrtbase.dll
0x00007ffae5400000 - 0x00007ffae5419000 	C:\Users\Admin\.p2\pool\plugins\org.eclipse.justj.openjdk.hotspot.jre.full.win32.x86_64_17.0.4.v20220805-1047\jre\bin\VCRUNTIME140.dll
0x00007ffb00c80000 - 0x00007ffb00c98000 	C:\Users\Admin\.p2\pool\plugins\org.eclipse.justj.openjdk.hotspot.jre.full.win32.x86_64_17.0.4.v20220805-1047\jre\bin\jli.dll
0x00007ffb08460000 - 0x00007ffb0860d000 	C:\Windows\System32\USER32.dll
0x00007ffaf6100000 - 0x00007ffaf63a5000 	C:\Windows\WinSxS\amd64_microsoft.windows.common-controls_6595b64144ccf1df_6.0.22000.120_none_9d947278b86cc467\COMCTL32.dll
0x00007ffb079c0000 - 0x00007ffb079e6000 	C:\Windows\System32\win32u.dll
0x00007ffb090d0000 - 0x00007ffb09173000 	C:\Windows\System32\msvcrt.dll
0x00007ffb0a0c0000 - 0x00007ffb0a0e9000 	C:\Windows\System32\GDI32.dll
0x00007ffb08000000 - 0x00007ffb08118000 	C:\Windows\System32\gdi32full.dll
0x00007ffb07920000 - 0x00007ffb079bd000 	C:\Windows\System32\msvcp_win.dll
0x00007ffb08630000 - 0x00007ffb08661000 	C:\Windows\System32\IMM32.DLL
0x00007ffb00c70000 - 0x00007ffb00c7c000 	C:\Users\Admin\.p2\pool\plugins\org.eclipse.justj.openjdk.hotspot.jre.full.win32.x86_64_17.0.4.v20220805-1047\jre\bin\vcruntime140_1.dll
0x00007ffa9f5b0000 - 0x00007ffa9f641000 	C:\Users\Admin\.p2\pool\plugins\org.eclipse.justj.openjdk.hotspot.jre.full.win32.x86_64_17.0.4.v20220805-1047\jre\bin\msvcp140.dll
0x00007ffab1000000 - 0x00007ffab1c46000 	C:\Users\Admin\.p2\pool\plugins\org.eclipse.justj.openjdk.hotspot.jre.full.win32.x86_64_17.0.4.v20220805-1047\jre\bin\server\jvm.dll
0x00007ffb08700000 - 0x00007ffb087ae000 	C:\Windows\System32\ADVAPI32.dll
0x00007ffb0a160000 - 0x00007ffb0a1fe000 	C:\Windows\System32\sechost.dll
0x00007ffb09370000 - 0x00007ffb09490000 	C:\Windows\System32\RPCRT4.dll
0x00007ffb08c60000 - 0x00007ffb08c68000 	C:\Windows\System32\PSAPI.DLL
0x00007ffb05850000 - 0x00007ffb05859000 	C:\Windows\SYSTEM32\WSOCK32.dll
0x00007ffb0a0f0000 - 0x00007ffb0a15f000 	C:\Windows\System32\WS2_32.dll
0x00007ffb029e0000 - 0x00007ffb02a13000 	C:\Windows\SYSTEM32\WINMM.dll
0x00007ffafd7e0000 - 0x00007ffafd7ea000 	C:\Windows\SYSTEM32\VERSION.dll
0x00007ffb06b10000 - 0x00007ffb06b28000 	C:\Windows\SYSTEM32\kernel.appcore.dll
0x00007ffb02a90000 - 0x00007ffb02a9a000 	C:\Users\Admin\.p2\pool\plugins\org.eclipse.justj.openjdk.hotspot.jre.full.win32.x86_64_17.0.4.v20220805-1047\jre\bin\jimage.dll
0x00007ffaff590000 - 0x00007ffaff7b1000 	C:\Windows\SYSTEM32\DBGHELP.DLL
0x00007ffaff550000 - 0x00007ffaff581000 	C:\Windows\SYSTEM32\dbgcore.DLL
0x00007ffb08120000 - 0x00007ffb0819f000 	C:\Windows\System32\bcryptPrimitives.dll
0x00007ffae6d90000 - 0x00007ffae6db5000 	C:\Users\Admin\.p2\pool\plugins\org.eclipse.justj.openjdk.hotspot.jre.full.win32.x86_64_17.0.4.v20220805-1047\jre\bin\java.dll

dbghelp: loaded successfully - version: 4.0.5 - missing functions: none
symbol engine: initialized successfully - sym options: 0x614 - pdb path: .;C:\Users\Admin\.p2\pool\plugins\org.eclipse.justj.openjdk.hotspot.jre.full.win32.x86_64_17.0.4.v20220805-1047\jre\bin;C:\Windows\SYSTEM32;C:\Windows\WinSxS\amd64_microsoft.windows.common-controls_6595b64144ccf1df_6.0.22000.120_none_9d947278b86cc467;C:\Users\Admin\.p2\pool\plugins\org.eclipse.justj.openjdk.hotspot.jre.full.win32.x86_64_17.0.4.v20220805-1047\jre\bin\server

VM Arguments:
jvm_args: -Dfile.encoding=UTF-8 -XX:+ShowCodeDetailsInExceptionMessages 
java_command: FileFolder
java_class_path (initial): C:\Users\Admin\Desktop\Java\Bai_31_FileFolder\bin
Launcher Type: SUN_STANDARD

[Global flags]
     intx CICompilerCount                          = 3                                         {product} {ergonomic}
     uint ConcGCThreads                            = 1                                         {product} {ergonomic}
     uint G1ConcRefinementThreads                  = 4                                         {product} {ergonomic}
   size_t G1HeapRegionSize                         = 1048576                                   {product} {ergonomic}
    uintx GCDrainStackTargetSize                   = 64                                        {product} {ergonomic}
   size_t InitialHeapSize                          = 134217728                                 {product} {ergonomic}
   size_t MarkStackSize                            = 4194304                                   {product} {ergonomic}
   size_t MaxHeapSize                              = 2124414976                                {product} {ergonomic}
   size_t MinHeapDeltaBytes                        = 1048576                                   {product} {ergonomic}
   size_t MinHeapSize                              = 8388608                                   {product} {ergonomic}
    uintx NonNMethodCodeHeapSize                   = 5832780                                {pd product} {ergonomic}
    uintx NonProfiledCodeHeapSize                  = 122912730                              {pd product} {ergonomic}
    uintx ProfiledCodeHeapSize                     = 122912730                              {pd product} {ergonomic}
    uintx ReservedCodeCacheSize                    = 251658240                              {pd product} {ergonomic}
     bool SegmentedCodeCache                       = true                                      {product} {ergonomic}
     bool ShowCodeDetailsInExceptionMessages       = true                                   {manageable} {command line}
   size_t SoftMaxHeapSize                          = 2124414976                             {manageable} {ergonomic}
     bool UseCompressedClassPointers               = true                           {product lp64_product} {ergonomic}
     bool UseCompressedOops                        = true                           {product lp64_product} {ergonomic}
     bool UseG1GC                                  = true                                      {product} {ergonomic}
     bool UseLargePagesIndividualAllocation        = false                                  {pd product} {ergonomic}

Logging:
Log output configuration:
 #0: stdout all=warning uptime,level,tags
 #1: stderr all=off uptime,level,tags

Environment Variables:
PATH=C:/Users/Admin/.p2/pool/plugins/org.eclipse.justj.openjdk.hotspot.jre.full.win32.x86_64_17.0.4.v20220805-1047/jre/bin/server;C:/Users/Admin/.p2/pool/plugins/org.eclipse.justj.openjdk.hotspot.jre.full.win32.x86_64_17.0.4.v20220805-1047/jre/bin;C:\Program Files\Common Files\Oracle\Java\javapath;C:\Windows\system32;C:\Windows;C:\Windows\System32\Wbem;C:\Windows\System32\WindowsPowerShell\v1.0\;C:\Windows\System32\OpenSSH\;C:\Program Files\Intel\WiFi\bin\;C:\Program Files\Common Files\Intel\WirelessCommon\;C:\Program Files\dotnet\;C:\Program Files\Microsoft SQL Server\150\Tools\Binn\;C:\Program Files\Git\cmd;C:\Program Files\MySQL\MySQL Shell 8.0\bin\;C:\Users\Admin\AppData\Local\Microsoft\WindowsApps;C:\Program Files\Intel\WiFi\bin\;C:\Program Files\Common Files\Intel\WirelessCommon\;C:\Users\Admin\.dotnet\tools;C:\Users\Admin\AppData\Local\GitHubDesktop\bin;C:\Windows\system32;
USERNAME=Admin
OS=Windows_NT
PROCESSOR_IDENTIFIER=Intel64 Family 6 Model 61 Stepping 4, GenuineIntel
TMP=C:\Users\Admin\AppData\Local\Temp
TEMP=C:\Users\Admin\AppData\Local\Temp



---------------  S Y S T E M  ---------------

OS:
 Windows 11 , 64 bit Build 22000 (10.0.22000.708)
OS uptime: 0 days 1:19 hours

CPU: total 4 (initial active 4) (2 cores per cpu, 2 threads per core) family 6 model 61 stepping 4 microcode 0x2f, cx8, cmov, fxsr, ht, mmx, 3dnowpref, sse, sse2, sse3, ssse3, sse4.1, sse4.2, popcnt, lzcnt, tsc, tscinvbit, avx, avx2, aes, erms, clmul, bmi1, bmi2, adx, fma, vzeroupper, clflush

Memory: 4k page, system-wide physical 8102M (2032M free)
TotalPageFile size 12198M (AvailPageFile size 120M)
current process WorkingSet (physical memory assigned to process): 10M, peak: 10M
current process commit charge ("private bytes"): 51M, peak: 179M

vm_info: OpenJDK 64-Bit Server VM (17.0.4+8) for windows-amd64 JRE (17.0.4+8), built on Jul 19 2022 16:05:16 by "temurin" with MS VC++ 16.7 (VS2019)

END.
